Traceback (most recent call last):
  File "/Users/evanmuzzall/opt/anaconda3/lib/python3.8/site-packages/jupyter_cache/executors/utils.py", line 51, in single_nb_execution
    executenb(
  File "/Users/evanmuzzall/opt/anaconda3/lib/python3.8/site-packages/nbclient/client.py", line 1112, in execute
    return NotebookClient(nb=nb, resources=resources, km=km, **kwargs).execute()
  File "/Users/evanmuzzall/opt/anaconda3/lib/python3.8/site-packages/nbclient/util.py", line 74, in wrapped
    return just_run(coro(*args, **kwargs))
  File "/Users/evanmuzzall/opt/anaconda3/lib/python3.8/site-packages/nbclient/util.py", line 53, in just_run
    return loop.run_until_complete(coro)
  File "/Users/evanmuzzall/opt/anaconda3/lib/python3.8/asyncio/base_events.py", line 616, in run_until_complete
    return future.result()
  File "/Users/evanmuzzall/opt/anaconda3/lib/python3.8/site-packages/nbclient/client.py", line 553, in async_execute
    await self.async_execute_cell(
  File "/Users/evanmuzzall/opt/anaconda3/lib/python3.8/site-packages/nbclient/client.py", line 857, in async_execute_cell
    self._check_raise_for_error(cell, exec_reply)
  File "/Users/evanmuzzall/opt/anaconda3/lib/python3.8/site-packages/nbclient/client.py", line 760, in _check_raise_for_error
    raise CellExecutionError.from_cell_and_msg(cell, exec_reply_content)
nbclient.exceptions.CellExecutionError: An error occurred while executing the following cell:
------------------
# Fancy it up! Use plt.savefig() to export
plt.figure(figsize=(6,4))
sns.heatmap(cm, annot = True, fmt = ".0f", 
            cbar = False, linewidths = 2, 
            square = True, cmap = 'YlGnBu', annot_kws={"size": 20})
plt.ylabel('Actual y label')
plt.xlabel('Predicted y label')
all_sample_title = 'Accuracy Score: {0}'.format(score)
plt.title(all_sample_title, size = 15);
------------------

[0;31m---------------------------------------------------------------------------[0m
[0;31mNameError[0m                                 Traceback (most recent call last)
[0;32m<ipython-input-41-aad782927131>[0m in [0;36m<module>[0;34m[0m
[1;32m      6[0m [0mplt[0m[0;34m.[0m[0mylabel[0m[0;34m([0m[0;34m'Actual y label'[0m[0;34m)[0m[0;34m[0m[0;34m[0m[0m
[1;32m      7[0m [0mplt[0m[0;34m.[0m[0mxlabel[0m[0;34m([0m[0;34m'Predicted y label'[0m[0;34m)[0m[0;34m[0m[0;34m[0m[0m
[0;32m----> 8[0;31m [0mall_sample_title[0m [0;34m=[0m [0;34m'Accuracy Score: {0}'[0m[0;34m.[0m[0mformat[0m[0;34m([0m[0mscore[0m[0;34m)[0m[0;34m[0m[0;34m[0m[0m
[0m[1;32m      9[0m [0mplt[0m[0;34m.[0m[0mtitle[0m[0;34m([0m[0mall_sample_title[0m[0;34m,[0m [0msize[0m [0;34m=[0m [0;36m15[0m[0;34m)[0m[0;34m;[0m[0;34m[0m[0;34m[0m[0m

[0;31mNameError[0m: name 'score' is not defined
NameError: name 'score' is not defined

